<?xml version="1.0" encoding="UTF-8"?>
<!-- Generated by org.testng.reporters.JUnitReportReporter -->
<testsuite hostname="DESKTOP-DRHVHRH" failures="0" tests="2" name="rahulshettyacademy.mavenjava.restapiTest" time="0.009" errors="0" timestamp="2020-10-02T13:08:47 IST" skipped="0">
  <testcase classname="rahulshettyacademy.mavenjava.restapiTest" name="postjira" time="0.007"/>
  <system-out/>
  <testcase classname="rahulshettyacademy.mavenjava.restapiTest" name="twitterdelete" time="0.002"/>
  <system-out/>
</testsuite> <!-- rahulshettyacademy.mavenjava.restapiTest -->
