<?xml version="1.0" encoding="UTF-8"?>
<!-- Generated by org.testng.reporters.JUnitReportReporter -->
<testsuite hostname="DESKTOP-DRHVHRH" failures="0" tests="1" name="rahulshettyacademy.mavenjava.apiumTest" time="0.030" errors="0" timestamp="2020-10-02T13:08:48 IST" skipped="0">
  <testcase classname="rahulshettyacademy.mavenjava.apiumTest" name="shouldAnswerWithTrue" time="0.030"/>
  <system-out/>
</testsuite> <!-- rahulshettyacademy.mavenjava.apiumTest -->
