<?xml version="1.0" encoding="UTF-8"?>
<!-- Generated by org.testng.reporters.JUnitReportReporter -->
<testsuite hostname="DESKTOP-DRHVHRH" failures="0" tests="2" name="rahulshettyacademy.mavenjava.apiumtest" time="0.024" errors="0" timestamp="2020-10-02T12:12:40 IST" skipped="0">
  <testcase classname="rahulshettyacademy.mavenjava.apiumtest" name="Iosapp" time="0.022"/>
  <system-out/>
  <testcase classname="rahulshettyacademy.mavenjava.apiumtest" name="Nativeapp" time="0.002"/>
  <system-out/>
</testsuite> <!-- rahulshettyacademy.mavenjava.apiumtest -->
