<?xml version="1.0" encoding="UTF-8"?>
<!-- Generated by org.testng.reporters.JUnitReportReporter -->
<testsuite hostname="DESKTOP-DRHVHRH" failures="0" tests="2" name="rahulshettyacademy.mavenjava.restapiTest" time="0.010" errors="0" timestamp="2020-10-04T13:42:50 IST" skipped="0">
  <testcase classname="rahulshettyacademy.mavenjava.restapiTest" name="twitterdelete" time="0.000"/>
  <system-out/>
  <testcase classname="rahulshettyacademy.mavenjava.restapiTest" name="postjira" time="0.010"/>
  <system-out/>
</testsuite> <!-- rahulshettyacademy.mavenjava.restapiTest -->
