<?xml version="1.0" encoding="UTF-8"?>
<!-- Generated by org.testng.reporters.JUnitReportReporter -->
<testsuite hostname="DESKTOP-DRHVHRH" failures="0" tests="2" name="rahulshettyacademy.mavenjava.seleniumTest" time="0.002" errors="0" timestamp="2020-10-04T13:42:50 IST" skipped="0">
  <testcase classname="rahulshettyacademy.mavenjava.seleniumTest" name="elementsuit" time="0.001"/>
  <system-out/>
  <testcase classname="rahulshettyacademy.mavenjava.seleniumTest" name="Browserautomation" time="0.001"/>
  <system-out/>
</testsuite> <!-- rahulshettyacademy.mavenjava.seleniumTest -->
